# JRE version: OpenJDK Runtime Environment Microsoft-8902769 (17.0.10+7) (build 17.0.10+7-LTS)
# Java VM: OpenJDK 64-Bit Server VM Microsoft-8902769 (17.0.10+7-LTS, mixed mode, sharing, tiered, compressed oops, compressed class ptrs, g1 gc, windows-amd64)
GC Precious Log:
 CPUs: 8 total, 8 available
 Memory: 16304M
 Large Page Support: Disabled
 NUMA Support: Disabled
 Compressed Oops: Enabled (Zero based)
 Heap Region Size: 2M
 Heap Min Capacity: 8M
 Heap Initial Capacity: 256M
 Heap Max Capacity: 4078M
 Pre-touch: Disabled
 Parallel Workers: 8
 Concurrent Workers: 2
 Concurrent Refinement Workers: 8
 Periodic GC: Disabled
Heap:
 garbage-first heap   total 481280K, used 408062K [0x0000000701200000, 0x0000000800000000)
  region size 2048K, 161 young (329728K), 20 survivors (40960K)
 Metaspace       used 23476K, committed 23872K, reserved 1114112K
  class space    used 2563K, committed 2752K, reserved 1048576K
GC Heap History (19 events):
Event: 0.606 GC heap before
{Heap before GC invocations=0 (full 0):
 garbage-first heap   total 262144K, used 22528K [0x0000000701200000, 0x0000000800000000)
  region size 2048K, 11 young (22528K), 0 survivors (0K)
 Metaspace       used 5727K, committed 5952K, reserved 1114112K
  class space    used 684K, committed 768K, reserved 1048576K
}
Event: 0.610 GC heap after
{Heap after GC invocations=1 (full 0):
 garbage-first heap   total 262144K, used 3891K [0x0000000701200000, 0x0000000800000000)
  region size 2048K, 2 young (4096K), 2 survivors (4096K)
 Metaspace       used 5727K, committed 5952K, reserved 1114112K
  class space    used 684K, committed 768K, reserved 1048576K
}
Event: 1.014 GC heap before
{Heap before GC invocations=1 (full 0):
 garbage-first heap   total 262144K, used 32563K [0x0000000701200000, 0x0000000800000000)
  region size 2048K, 16 young (32768K), 2 survivors (4096K)
 Metaspace       used 8979K, committed 9152K, reserved 1114112K
  class space    used 1089K, committed 1152K, reserved 1048576K
}
Event: 1.018 GC heap after
{Heap after GC invocations=2 (full 0):
 garbage-first heap   total 262144K, used 5010K [0x0000000701200000, 0x0000000800000000)
  region size 2048K, 1 young (2048K), 1 survivors (2048K)
 Metaspace       used 8979K, committed 9152K, reserved 1114112K
  class space    used 1089K, committed 1152K, reserved 1048576K
}
Event: 3.183 GC heap before
{Heap before GC invocations=2 (full 0):
 garbage-first heap   total 262144K, used 158610K [0x0000000701200000, 0x0000000800000000)
  region size 2048K, 76 young (155648K), 1 survivors (2048K)
 Metaspace       used 16521K, committed 16704K, reserved 1114112K
  class space    used 1878K, committed 1920K, reserved 1048576K
}
Event: 3.196 GC heap after
{Heap after GC invocations=3 (full 0):
 garbage-first heap   total 262144K, used 19961K [0x0000000701200000, 0x0000000800000000)
  region size 2048K, 8 young (16384K), 8 survivors (16384K)
 Metaspace       used 16521K, committed 16704K, reserved 1114112K
  class space    used 1878K, committed 1920K, reserved 1048576K
}
Event: 4.233 GC heap before
{Heap before GC invocations=3 (full 0):
 garbage-first heap   total 262144K, used 159225K [0x0000000701200000, 0x0000000800000000)
  region size 2048K, 76 young (155648K), 8 survivors (16384K)
 Metaspace       used 18439K, committed 18816K, reserved 1114112K
  class space    used 2055K, committed 2240K, reserved 1048576K
}
Event: 4.259 GC heap after
{Heap after GC invocations=4 (full 0):
 garbage-first heap   total 262144K, used 44113K [0x0000000701200000, 0x0000000800000000)
  region size 2048K, 10 young (20480K), 10 survivors (20480K)
 Metaspace       used 18439K, committed 18816K, reserved 1114112K
  class space    used 2055K, committed 2240K, reserved 1048576K
}
Event: 5.311 GC heap before
{Heap before GC invocations=4 (full 0):
 garbage-first heap   total 262144K, used 162897K [0x0000000701200000, 0x0000000800000000)
  region size 2048K, 68 young (139264K), 10 survivors (20480K)
 Metaspace       used 18616K, committed 18944K, reserved 1114112K
  class space    used 2063K, committed 2240K, reserved 1048576K
}
Event: 5.330 GC heap after
{Heap after GC invocations=5 (full 0):
 garbage-first heap   total 262144K, used 67584K [0x0000000701200000, 0x0000000800000000)
  region size 2048K, 9 young (18432K), 9 survivors (18432K)
 Metaspace       used 18616K, committed 18944K, reserved 1114112K
  class space    used 2063K, committed 2240K, reserved 1048576K
}
Event: 5.855 GC heap before
{Heap before GC invocations=5 (full 0):
 garbage-first heap   total 262144K, used 106496K [0x0000000701200000, 0x0000000800000000)
  region size 2048K, 29 young (59392K), 9 survivors (18432K)
 Metaspace       used 21212K, committed 21504K, reserved 1114112K
  class space    used 2335K, committed 2496K, reserved 1048576K
}
Event: 5.866 GC heap after
{Heap after GC invocations=6 (full 0):
 garbage-first heap   total 262144K, used 73024K [0x0000000701200000, 0x0000000800000000)
  region size 2048K, 3 young (6144K), 3 survivors (6144K)
 Metaspace       used 21212K, committed 21504K, reserved 1114112K
  class space    used 2335K, committed 2496K, reserved 1048576K
}
Event: 6.761 GC heap before
{Heap before GC invocations=7 (full 0):
 garbage-first heap   total 262144K, used 187712K [0x0000000701200000, 0x0000000800000000)
  region size 2048K, 59 young (120832K), 3 survivors (6144K)
 Metaspace       used 22727K, committed 23040K, reserved 1114112K
  class space    used 2496K, committed 2624K, reserved 1048576K
}
Event: 6.775 GC heap after
{Heap after GC invocations=8 (full 0):
 garbage-first heap   total 262144K, used 92799K [0x0000000701200000, 0x0000000800000000)
  region size 2048K, 8 young (16384K), 8 survivors (16384K)
 Metaspace       used 22727K, committed 23040K, reserved 1114112K
  class space    used 2496K, committed 2624K, reserved 1048576K
}
Event: 6.784 GC heap before
{Heap before GC invocations=8 (full 0):
 garbage-first heap   total 262144K, used 94847K [0x0000000701200000, 0x0000000800000000)
  region size 2048K, 9 young (18432K), 8 survivors (16384K)
 Metaspace       used 22727K, committed 23040K, reserved 1114112K
  class space    used 2496K, committed 2624K, reserved 1048576K
}
Event: 6.795 GC heap after
{Heap after GC invocations=9 (full 0):
 garbage-first heap   total 262144K, used 95046K [0x0000000701200000, 0x0000000800000000)
  region size 2048K, 2 young (4096K), 2 survivors (4096K)
 Metaspace       used 22727K, committed 23040K, reserved 1114112K
  class space    used 2496K, committed 2624K, reserved 1048576K
}
Event: 7.227 GC heap before
{Heap before GC invocations=9 (full 0):
 garbage-first heap   total 262144K, used 191302K [0x0000000701200000, 0x0000000800000000)
  region size 2048K, 49 young (100352K), 2 survivors (4096K)
 Metaspace       used 22766K, committed 23104K, reserved 1114112K
  class space    used 2497K, committed 2624K, reserved 1048576K
}
Event: 7.240 GC heap after
{Heap after GC invocations=10 (full 0):
 garbage-first heap   total 587776K, used 115198K [0x0000000701200000, 0x0000000800000000)
  region size 2048K, 7 young (14336K), 7 survivors (14336K)
 Metaspace       used 22766K, committed 23104K, reserved 1114112K
  class space    used 2497K, committed 2624K, reserved 1048576K
}
Event: 9.831 GC heap before
{Heap before GC invocations=11 (full 0):
 garbage-first heap   total 479232K, used 406014K [0x0000000701200000, 0x0000000800000000)
  region size 2048K, 148 young (303104K), 7 survivors (14336K)
 Metaspace       used 23476K, committed 23872K, reserved 1114112K
  class space    used 2563K, committed 2752K, reserved 1048576K
}

