# JRE version: OpenJDK Runtime Environment Microsoft-8902769 (17.0.10+7) (build 17.0.10+7-LTS)
# Java VM: OpenJDK 64-Bit Server VM Microsoft-8902769 (17.0.10+7-LTS, mixed mode, emulated-client, sharing, tiered, compressed oops, compressed class ptrs, g1 gc, windows-amd64)
GC Precious Log:
 CPUs: 8 total, 8 available
 Memory: 16304M
 Large Page Support: Disabled
 NUMA Support: Disabled
 Compressed Oops: Enabled (Zero based)
 Heap Region Size: 2M
 Heap Min Capacity: 8M
 Heap Initial Capacity: 256M
 Heap Max Capacity: 4078M
 Pre-touch: Disabled
 Parallel Workers: 8
 Concurrent Workers: 2
 Concurrent Refinement Workers: 8
 Periodic GC: Disabled
Heap:
 garbage-first heap   total 280576K, used 147813K [0x0000000701200000, 0x0000000800000000)
  region size 2048K, 31 young (63488K), 3 survivors (6144K)
 Metaspace       used 85901K, committed 86656K, reserved 1179648K
  class space    used 12268K, committed 12608K, reserved 1048576K
GC Heap History (20 events):
Event: 1.680 GC heap before
{Heap before GC invocations=3 (full 0):
 garbage-first heap   total 262144K, used 78399K [0x0000000701200000, 0x0000000800000000)
  region size 2048K, 25 young (51200K), 2 survivors (4096K)
 Metaspace       used 5082K, committed 5376K, reserved 1114112K
  class space    used 622K, committed 768K, reserved 1048576K
}
Event: 1.714 GC heap after
{Heap after GC invocations=4 (full 0):
 garbage-first heap   total 262144K, used 46203K [0x0000000701200000, 0x0000000800000000)
  region size 2048K, 4 young (8192K), 4 survivors (8192K)
 Metaspace       used 5082K, committed 5376K, reserved 1114112K
  class space    used 622K, committed 768K, reserved 1048576K
}
Event: 2.064 GC heap before
{Heap before GC invocations=4 (full 0):
 garbage-first heap   total 262144K, used 60539K [0x0000000701200000, 0x0000000800000000)
  region size 2048K, 11 young (22528K), 4 survivors (8192K)
 Metaspace       used 6586K, committed 6848K, reserved 1114112K
  class space    used 875K, committed 1024K, reserved 1048576K
}
Event: 2.076 GC heap after
{Heap after GC invocations=5 (full 0):
 garbage-first heap   total 262144K, used 49808K [0x0000000701200000, 0x0000000800000000)
  region size 2048K, 2 young (4096K), 2 survivors (4096K)
 Metaspace       used 6586K, committed 6848K, reserved 1114112K
  class space    used 875K, committed 1024K, reserved 1048576K
}
Event: 3.000 GC heap before
{Heap before GC invocations=5 (full 0):
 garbage-first heap   total 262144K, used 148112K [0x0000000701200000, 0x0000000800000000)
  region size 2048K, 50 young (102400K), 2 survivors (4096K)
 Metaspace       used 16255K, committed 16576K, reserved 1114112K
  class space    used 2218K, committed 2368K, reserved 1048576K
}
Event: 3.013 GC heap after
{Heap after GC invocations=6 (full 0):
 garbage-first heap   total 405504K, used 55870K [0x0000000701200000, 0x0000000800000000)
  region size 2048K, 5 young (10240K), 5 survivors (10240K)
 Metaspace       used 16255K, committed 16576K, reserved 1114112K
  class space    used 2218K, committed 2368K, reserved 1048576K
}
Event: 3.427 GC heap before
{Heap before GC invocations=6 (full 0):
 garbage-first heap   total 405504K, used 119358K [0x0000000701200000, 0x0000000800000000)
  region size 2048K, 37 young (75776K), 5 survivors (10240K)
 Metaspace       used 21137K, committed 21504K, reserved 1114112K
  class space    used 2851K, committed 3072K, reserved 1048576K
}
Event: 3.445 GC heap after
{Heap after GC invocations=7 (full 0):
 garbage-first heap   total 405504K, used 62910K [0x0000000701200000, 0x0000000800000000)
  region size 2048K, 8 young (16384K), 8 survivors (16384K)
 Metaspace       used 21137K, committed 21504K, reserved 1114112K
  class space    used 2851K, committed 3072K, reserved 1048576K
}
Event: 4.635 GC heap before
{Heap before GC invocations=8 (full 0):
 garbage-first heap   total 280576K, used 230846K [0x0000000701200000, 0x0000000800000000)
  region size 2048K, 92 young (188416K), 8 survivors (16384K)
 Metaspace       used 33253K, committed 33792K, reserved 1114112K
  class space    used 4539K, committed 4800K, reserved 1048576K
}
Event: 4.658 GC heap after
{Heap after GC invocations=9 (full 0):
 garbage-first heap   total 280576K, used 68885K [0x0000000701200000, 0x0000000800000000)
  region size 2048K, 11 young (22528K), 11 survivors (22528K)
 Metaspace       used 33253K, committed 33792K, reserved 1114112K
  class space    used 4539K, committed 4800K, reserved 1048576K
}
Event: 4.677 GC heap before
{Heap before GC invocations=9 (full 0):
 garbage-first heap   total 280576K, used 70933K [0x0000000701200000, 0x0000000800000000)
  region size 2048K, 12 young (24576K), 11 survivors (22528K)
 Metaspace       used 33349K, committed 33920K, reserved 1114112K
  class space    used 4563K, committed 4864K, reserved 1048576K
}
Event: 4.703 GC heap after
{Heap after GC invocations=10 (full 0):
 garbage-first heap   total 280576K, used 69194K [0x0000000701200000, 0x0000000800000000)
  region size 2048K, 2 young (4096K), 2 survivors (4096K)
 Metaspace       used 33349K, committed 33920K, reserved 1114112K
  class space    used 4563K, committed 4864K, reserved 1048576K
}
Event: 5.041 GC heap before
{Heap before GC invocations=10 (full 0):
 garbage-first heap   total 280576K, used 138826K [0x0000000701200000, 0x0000000800000000)
  region size 2048K, 37 young (75776K), 2 survivors (4096K)
 Metaspace       used 36728K, committed 37248K, reserved 1114112K
  class space    used 5205K, committed 5504K, reserved 1048576K
}
Event: 5.048 GC heap after
{Heap after GC invocations=11 (full 0):
 garbage-first heap   total 280576K, used 69130K [0x0000000701200000, 0x0000000800000000)
  region size 2048K, 2 young (4096K), 2 survivors (4096K)
 Metaspace       used 36728K, committed 37248K, reserved 1114112K
  class space    used 5205K, committed 5504K, reserved 1048576K
}
Event: 5.841 GC heap before
{Heap before GC invocations=12 (full 0):
 garbage-first heap   total 280576K, used 210442K [0x0000000701200000, 0x0000000800000000)
  region size 2048K, 71 young (145408K), 2 survivors (4096K)
 Metaspace       used 43151K, committed 43712K, reserved 1114112K
  class space    used 6437K, committed 6720K, reserved 1048576K
}
Event: 5.850 GC heap after
{Heap after GC invocations=13 (full 0):
 garbage-first heap   total 280576K, used 80050K [0x0000000701200000, 0x0000000800000000)
  region size 2048K, 6 young (12288K), 6 survivors (12288K)
 Metaspace       used 43151K, committed 43712K, reserved 1114112K
  class space    used 6437K, committed 6720K, reserved 1048576K
}
Event: 7.498 GC heap before
{Heap before GC invocations=14 (full 0):
 garbage-first heap   total 280576K, used 231602K [0x0000000701200000, 0x0000000800000000)
  region size 2048K, 73 young (149504K), 6 survivors (12288K)
 Metaspace       used 55139K, committed 56000K, reserved 1114112K
  class space    used 8042K, committed 8448K, reserved 1048576K
}
Event: 7.510 GC heap after
{Heap after GC invocations=15 (full 0):
 garbage-first heap   total 280576K, used 89545K [0x0000000701200000, 0x0000000800000000)
  region size 2048K, 10 young (20480K), 10 survivors (20480K)
 Metaspace       used 55139K, committed 56000K, reserved 1114112K
  class space    used 8042K, committed 8448K, reserved 1048576K
}
Event: 9.354 GC heap before
{Heap before GC invocations=15 (full 0):
 garbage-first heap   total 280576K, used 179657K [0x0000000701200000, 0x0000000800000000)
  region size 2048K, 56 young (114688K), 10 survivors (20480K)
 Metaspace       used 73888K, committed 74688K, reserved 1114112K
  class space    used 10559K, committed 10944K, reserved 1048576K
}
Event: 9.379 GC heap after
{Heap after GC invocations=16 (full 0):
 garbage-first heap   total 280576K, used 94565K [0x0000000701200000, 0x0000000800000000)
  region size 2048K, 3 young (6144K), 3 survivors (6144K)
 Metaspace       used 73888K, committed 74688K, reserved 1114112K
  class space    used 10559K, committed 10944K, reserved 1048576K
}

