# JRE version: OpenJDK Runtime Environment Microsoft-8902769 (17.0.10+7) (build 17.0.10+7-LTS)
# Java VM: OpenJDK 64-Bit Server VM Microsoft-8902769 (17.0.10+7-LTS, mixed mode, sharing, tiered, compressed oops, compressed class ptrs, g1 gc, windows-amd64)
GC Precious Log:
 CPUs: 8 total, 8 available
 Memory: 16304M
 Large Page Support: Disabled
 NUMA Support: Disabled
 Compressed Oops: Enabled (Zero based)
 Heap Region Size: 2M
 Heap Min Capacity: 8M
 Heap Initial Capacity: 256M
 Heap Max Capacity: 4078M
 Pre-touch: Disabled
 Parallel Workers: 8
 Concurrent Workers: 2
 Concurrent Refinement Workers: 8
 Periodic GC: Disabled
Heap:
 garbage-first heap   total 262144K, used 97618K [0x0000000701200000, 0x0000000800000000)
  region size 2048K, 14 young (28672K), 2 survivors (4096K)
 Metaspace       used 21377K, committed 21696K, reserved 1114112K
  class space    used 2366K, committed 2496K, reserved 1048576K
GC Heap History (12 events):
Event: 0.569 GC heap before
{Heap before GC invocations=0 (full 0):
 garbage-first heap   total 262144K, used 22528K [0x0000000701200000, 0x0000000800000000)
  region size 2048K, 11 young (22528K), 0 survivors (0K)
 Metaspace       used 5731K, committed 5952K, reserved 1114112K
  class space    used 684K, committed 768K, reserved 1048576K
}
Event: 0.573 GC heap after
{Heap after GC invocations=1 (full 0):
 garbage-first heap   total 262144K, used 3864K [0x0000000701200000, 0x0000000800000000)
  region size 2048K, 2 young (4096K), 2 survivors (4096K)
 Metaspace       used 5731K, committed 5952K, reserved 1114112K
  class space    used 684K, committed 768K, reserved 1048576K
}
Event: 0.990 GC heap before
{Heap before GC invocations=1 (full 0):
 garbage-first heap   total 262144K, used 32536K [0x0000000701200000, 0x0000000800000000)
  region size 2048K, 16 young (32768K), 2 survivors (4096K)
 Metaspace       used 9028K, committed 9152K, reserved 1114112K
  class space    used 1094K, committed 1152K, reserved 1048576K
}
Event: 0.994 GC heap after
{Heap after GC invocations=2 (full 0):
 garbage-first heap   total 262144K, used 5043K [0x0000000701200000, 0x0000000800000000)
  region size 2048K, 1 young (2048K), 1 survivors (2048K)
 Metaspace       used 9028K, committed 9152K, reserved 1114112K
  class space    used 1094K, committed 1152K, reserved 1048576K
}
Event: 3.260 GC heap before
{Heap before GC invocations=2 (full 0):
 garbage-first heap   total 262144K, used 158643K [0x0000000701200000, 0x0000000800000000)
  region size 2048K, 76 young (155648K), 1 survivors (2048K)
 Metaspace       used 16531K, committed 16704K, reserved 1114112K
  class space    used 1875K, committed 1920K, reserved 1048576K
}
Event: 3.274 GC heap after
{Heap after GC invocations=3 (full 0):
 garbage-first heap   total 262144K, used 19965K [0x0000000701200000, 0x0000000800000000)
  region size 2048K, 8 young (16384K), 8 survivors (16384K)
 Metaspace       used 16531K, committed 16704K, reserved 1114112K
  class space    used 1875K, committed 1920K, reserved 1048576K
}
Event: 4.366 GC heap before
{Heap before GC invocations=3 (full 0):
 garbage-first heap   total 262144K, used 159229K [0x0000000701200000, 0x0000000800000000)
  region size 2048K, 76 young (155648K), 8 survivors (16384K)
 Metaspace       used 18472K, committed 18816K, reserved 1114112K
  class space    used 2060K, committed 2240K, reserved 1048576K
}
Event: 4.390 GC heap after
{Heap after GC invocations=4 (full 0):
 garbage-first heap   total 262144K, used 43233K [0x0000000701200000, 0x0000000800000000)
  region size 2048K, 10 young (20480K), 10 survivors (20480K)
 Metaspace       used 18472K, committed 18816K, reserved 1114112K
  class space    used 2060K, committed 2240K, reserved 1048576K
}
Event: 5.346 GC heap before
{Heap before GC invocations=4 (full 0):
 garbage-first heap   total 262144K, used 164065K [0x0000000701200000, 0x0000000800000000)
  region size 2048K, 69 young (141312K), 10 survivors (20480K)
 Metaspace       used 18606K, committed 18944K, reserved 1114112K
  class space    used 2064K, committed 2240K, reserved 1048576K
}
Event: 5.368 GC heap after
{Heap after GC invocations=5 (full 0):
 garbage-first heap   total 262144K, used 68997K [0x0000000701200000, 0x0000000800000000)
  region size 2048K, 9 young (18432K), 9 survivors (18432K)
 Metaspace       used 18606K, committed 18944K, reserved 1114112K
  class space    used 2064K, committed 2240K, reserved 1048576K
}
Event: 5.767 GC heap before
{Heap before GC invocations=5 (full 0):
 garbage-first heap   total 262144K, used 85381K [0x0000000701200000, 0x0000000800000000)
  region size 2048K, 18 young (36864K), 9 survivors (18432K)
 Metaspace       used 21180K, committed 21504K, reserved 1114112K
  class space    used 2351K, committed 2496K, reserved 1048576K
}
Event: 5.779 GC heap after
{Heap after GC invocations=6 (full 0):
 garbage-first heap   total 262144K, used 75090K [0x0000000701200000, 0x0000000800000000)
  region size 2048K, 2 young (4096K), 2 survivors (4096K)
 Metaspace       used 21180K, committed 21504K, reserved 1114112K
  class space    used 2351K, committed 2496K, reserved 1048576K
}

