# JRE version: OpenJDK Runtime Environment Microsoft-8902769 (17.0.10+7) (build 17.0.10+7-LTS)
# Java VM: OpenJDK 64-Bit Server VM Microsoft-8902769 (17.0.10+7-LTS, mixed mode, sharing, tiered, compressed oops, compressed class ptrs, g1 gc, windows-amd64)
GC Precious Log:
 CPUs: 8 total, 8 available
 Memory: 16304M
 Large Page Support: Disabled
 NUMA Support: Disabled
 Compressed Oops: Enabled (Zero based)
 Heap Region Size: 2M
 Heap Min Capacity: 8M
 Heap Initial Capacity: 256M
 Heap Max Capacity: 4078M
 Pre-touch: Disabled
 Parallel Workers: 8
 Concurrent Workers: 2
 Concurrent Refinement Workers: 8
 Periodic GC: Disabled
Heap:
 garbage-first heap   total 342016K, used 253645K [0x0000000701200000, 0x0000000800000000)
  region size 2048K, 51 young (104448K), 7 survivors (14336K)
 Metaspace       used 30617K, committed 30976K, reserved 1114112K
  class space    used 3331K, committed 3520K, reserved 1048576K
GC Heap History (20 events):
Event: 23.884 GC heap after
{Heap after GC invocations=11 (full 0):
 garbage-first heap   total 204800K, used 71168K [0x0000000701200000, 0x0000000800000000)
  region size 2048K, 6 young (12288K), 6 survivors (12288K)
 Metaspace       used 26767K, committed 27072K, reserved 1114112K
  class space    used 3000K, committed 3136K, reserved 1048576K
}
Event: 47.154 GC heap before
{Heap before GC invocations=11 (full 0):
 garbage-first heap   total 204800K, used 142848K [0x0000000701200000, 0x0000000800000000)
  region size 2048K, 41 young (83968K), 6 survivors (12288K)
 Metaspace       used 27173K, committed 27456K, reserved 1114112K
  class space    used 3004K, committed 3136K, reserved 1048576K
}
Event: 47.169 GC heap after
{Heap after GC invocations=12 (full 0):
 garbage-first heap   total 204800K, used 78325K [0x0000000701200000, 0x0000000800000000)
  region size 2048K, 4 young (8192K), 4 survivors (8192K)
 Metaspace       used 27173K, committed 27456K, reserved 1114112K
  class space    used 3004K, committed 3136K, reserved 1048576K
}
Event: 77.247 GC heap before
{Heap before GC invocations=12 (full 0):
 garbage-first heap   total 204800K, used 147957K [0x0000000701200000, 0x0000000800000000)
  region size 2048K, 38 young (77824K), 4 survivors (8192K)
 Metaspace       used 27220K, committed 27520K, reserved 1114112K
  class space    used 3004K, committed 3136K, reserved 1048576K
}
Event: 77.263 GC heap after
{Heap after GC invocations=13 (full 0):
 garbage-first heap   total 204800K, used 80276K [0x0000000701200000, 0x0000000800000000)
  region size 2048K, 1 young (2048K), 1 survivors (2048K)
 Metaspace       used 27220K, committed 27520K, reserved 1114112K
  class space    used 3004K, committed 3136K, reserved 1048576K
}
Event: 90.815 GC heap before
{Heap before GC invocations=13 (full 0):
 garbage-first heap   total 204800K, used 151956K [0x0000000701200000, 0x0000000800000000)
  region size 2048K, 36 young (73728K), 1 survivors (2048K)
 Metaspace       used 29797K, committed 30144K, reserved 1114112K
  class space    used 3275K, committed 3456K, reserved 1048576K
}
Event: 90.825 GC heap after
{Heap after GC invocations=14 (full 0):
 garbage-first heap   total 204800K, used 87751K [0x0000000701200000, 0x0000000800000000)
  region size 2048K, 5 young (10240K), 5 survivors (10240K)
 Metaspace       used 29797K, committed 30144K, reserved 1114112K
  class space    used 3275K, committed 3456K, reserved 1048576K
}
Event: 91.510 GC heap before
{Heap before GC invocations=14 (full 0):
 garbage-first heap   total 204800K, used 153287K [0x0000000701200000, 0x0000000800000000)
  region size 2048K, 37 young (75776K), 5 survivors (10240K)
 Metaspace       used 29831K, committed 30208K, reserved 1114112K
  class space    used 3275K, committed 3456K, reserved 1048576K
}
Event: 91.530 GC heap after
{Heap after GC invocations=15 (full 0):
 garbage-first heap   total 204800K, used 98474K [0x0000000701200000, 0x0000000800000000)
  region size 2048K, 5 young (10240K), 5 survivors (10240K)
 Metaspace       used 29831K, committed 30208K, reserved 1114112K
  class space    used 3275K, committed 3456K, reserved 1048576K
}
Event: 91.971 GC heap before
{Heap before GC invocations=15 (full 0):
 garbage-first heap   total 204800K, used 155818K [0x0000000701200000, 0x0000000800000000)
  region size 2048K, 33 young (67584K), 5 survivors (10240K)
 Metaspace       used 29850K, committed 30208K, reserved 1114112K
  class space    used 3275K, committed 3456K, reserved 1048576K
}
Event: 91.991 GC heap after
{Heap after GC invocations=16 (full 0):
 garbage-first heap   total 204800K, used 110943K [0x0000000701200000, 0x0000000800000000)
  region size 2048K, 5 young (10240K), 5 survivors (10240K)
 Metaspace       used 29850K, committed 30208K, reserved 1114112K
  class space    used 3275K, committed 3456K, reserved 1048576K
}
Event: 92.382 GC heap before
{Heap before GC invocations=16 (full 0):
 garbage-first heap   total 204800K, used 158047K [0x0000000701200000, 0x0000000800000000)
  region size 2048K, 28 young (57344K), 5 survivors (10240K)
 Metaspace       used 29863K, committed 30208K, reserved 1114112K
  class space    used 3276K, committed 3456K, reserved 1048576K
}
Event: 92.402 GC heap after
{Heap after GC invocations=17 (full 0):
 garbage-first heap   total 204800K, used 123399K [0x0000000701200000, 0x0000000800000000)
  region size 2048K, 4 young (8192K), 4 survivors (8192K)
 Metaspace       used 29863K, committed 30208K, reserved 1114112K
  class space    used 3276K, committed 3456K, reserved 1048576K
}
Event: 93.714 GC heap before
{Heap before GC invocations=18 (full 0):
 garbage-first heap   total 239616K, used 160263K [0x0000000701200000, 0x0000000800000000)
  region size 2048K, 21 young (43008K), 4 survivors (8192K)
 Metaspace       used 30244K, committed 30592K, reserved 1114112K
  class space    used 3316K, committed 3456K, reserved 1048576K
}
Event: 93.729 GC heap after
{Heap after GC invocations=19 (full 0):
 garbage-first heap   total 239616K, used 134129K [0x0000000701200000, 0x0000000800000000)
  region size 2048K, 3 young (6144K), 3 survivors (6144K)
 Metaspace       used 30244K, committed 30592K, reserved 1114112K
  class space    used 3316K, committed 3456K, reserved 1048576K
}
Event: 93.823 GC heap before
{Heap before GC invocations=19 (full 0):
 garbage-first heap   total 239616K, used 138225K [0x0000000701200000, 0x0000000800000000)
  region size 2048K, 5 young (10240K), 3 survivors (6144K)
 Metaspace       used 30244K, committed 30592K, reserved 1114112K
  class space    used 3316K, committed 3456K, reserved 1048576K
}
Event: 93.830 GC heap after
{Heap after GC invocations=20 (full 0):
 garbage-first heap   total 342016K, used 137644K [0x0000000701200000, 0x0000000800000000)
  region size 2048K, 1 young (2048K), 1 survivors (2048K)
 Metaspace       used 30244K, committed 30592K, reserved 1114112K
  class space    used 3316K, committed 3456K, reserved 1048576K
}
Event: 109.016 GC heap before
{Heap before GC invocations=20 (full 0):
 garbage-first heap   total 342016K, used 244140K [0x0000000701200000, 0x0000000800000000)
  region size 2048K, 53 young (108544K), 1 survivors (2048K)
 Metaspace       used 30573K, committed 30976K, reserved 1114112K
  class space    used 3331K, committed 3520K, reserved 1048576K
}
Event: 109.029 GC heap after
{Heap after GC invocations=21 (full 0):
 garbage-first heap   total 342016K, used 163533K [0x0000000701200000, 0x0000000800000000)
  region size 2048K, 7 young (14336K), 7 survivors (14336K)
 Metaspace       used 30573K, committed 30976K, reserved 1114112K
  class space    used 3331K, committed 3520K, reserved 1048576K
}
Event: 123.093 GC heap before
{Heap before GC invocations=21 (full 0):
 garbage-first heap   total 342016K, used 253645K [0x0000000701200000, 0x0000000800000000)
  region size 2048K, 51 young (104448K), 7 survivors (14336K)
 Metaspace       used 30617K, committed 30976K, reserved 1114112K
  class space    used 3331K, committed 3520K, reserved 1048576K
}

