# JRE version: OpenJDK Runtime Environment Microsoft-8902769 (17.0.10+7) (build 17.0.10+7-LTS)
# Java VM: OpenJDK 64-Bit Server VM Microsoft-8902769 (17.0.10+7-LTS, mixed mode, emulated-client, sharing, tiered, compressed oops, compressed class ptrs, g1 gc, windows-amd64)
GC Precious Log:
 CPUs: 8 total, 8 available
 Memory: 16304M
 Large Page Support: Disabled
 NUMA Support: Disabled
 Compressed Oops: Enabled (Zero based)
 Heap Region Size: 2M
 Heap Min Capacity: 8M
 Heap Initial Capacity: 256M
 Heap Max Capacity: 4078M
 Pre-touch: Disabled
 Parallel Workers: 8
 Concurrent Workers: 2
 Concurrent Refinement Workers: 8
 Periodic GC: Disabled
Heap:
 garbage-first heap   total 342016K, used 313644K [0x0000000701200000, 0x0000000800000000)
  region size 2048K, 116 young (237568K), 11 survivors (22528K)
 Metaspace       used 110854K, committed 111872K, reserved 1179648K
  class space    used 15510K, committed 16000K, reserved 1048576K
GC Heap History (20 events):
Event: 2.995 GC heap after
{Heap after GC invocations=7 (full 0):
 garbage-first heap   total 350208K, used 64220K [0x0000000701200000, 0x0000000800000000)
  region size 2048K, 7 young (14336K), 7 survivors (14336K)
 Metaspace       used 21118K, committed 21504K, reserved 1114112K
  class space    used 2848K, committed 3072K, reserved 1048576K
}
Event: 3.597 GC heap before
{Heap before GC invocations=8 (full 0):
 garbage-first heap   total 266240K, used 226012K [0x0000000701200000, 0x0000000800000000)
  region size 2048K, 88 young (180224K), 7 survivors (14336K)
 Metaspace       used 32577K, committed 33024K, reserved 1114112K
  class space    used 4408K, committed 4608K, reserved 1048576K
}
Event: 3.608 GC heap after
{Heap after GC invocations=9 (full 0):
 garbage-first heap   total 266240K, used 69666K [0x0000000701200000, 0x0000000800000000)
  region size 2048K, 10 young (20480K), 10 survivors (20480K)
 Metaspace       used 32577K, committed 33024K, reserved 1114112K
  class space    used 4408K, committed 4608K, reserved 1048576K
}
Event: 3.614 GC heap before
{Heap before GC invocations=9 (full 0):
 garbage-first heap   total 266240K, used 71714K [0x0000000701200000, 0x0000000800000000)
  region size 2048K, 11 young (22528K), 10 survivors (20480K)
 Metaspace       used 32646K, committed 33152K, reserved 1114112K
  class space    used 4422K, committed 4672K, reserved 1048576K
}
Event: 3.624 GC heap after
{Heap after GC invocations=10 (full 0):
 garbage-first heap   total 266240K, used 68660K [0x0000000701200000, 0x0000000800000000)
  region size 2048K, 2 young (4096K), 2 survivors (4096K)
 Metaspace       used 32646K, committed 33152K, reserved 1114112K
  class space    used 4422K, committed 4672K, reserved 1048576K
}
Event: 3.800 GC heap before
{Heap before GC invocations=10 (full 0):
 garbage-first heap   total 266240K, used 140340K [0x0000000701200000, 0x0000000800000000)
  region size 2048K, 38 young (77824K), 2 survivors (4096K)
 Metaspace       used 36425K, committed 36928K, reserved 1114112K
  class space    used 5129K, committed 5376K, reserved 1048576K
}
Event: 3.804 GC heap after
{Heap after GC invocations=11 (full 0):
 garbage-first heap   total 266240K, used 70640K [0x0000000701200000, 0x0000000800000000)
  region size 2048K, 3 young (6144K), 3 survivors (6144K)
 Metaspace       used 36425K, committed 36928K, reserved 1114112K
  class space    used 5129K, committed 5376K, reserved 1048576K
}
Event: 4.420 GC heap before
{Heap before GC invocations=12 (full 0):
 garbage-first heap   total 266240K, used 197616K [0x0000000701200000, 0x0000000800000000)
  region size 2048K, 64 young (131072K), 3 survivors (6144K)
 Metaspace       used 42655K, committed 43264K, reserved 1114112K
  class space    used 6262K, committed 6528K, reserved 1048576K
}
Event: 4.424 GC heap after
{Heap after GC invocations=13 (full 0):
 garbage-first heap   total 266240K, used 75110K [0x0000000701200000, 0x0000000800000000)
  region size 2048K, 4 young (8192K), 4 survivors (8192K)
 Metaspace       used 42655K, committed 43264K, reserved 1114112K
  class space    used 6262K, committed 6528K, reserved 1048576K
}
Event: 4.440 GC heap before
{Heap before GC invocations=13 (full 0):
 garbage-first heap   total 266240K, used 77158K [0x0000000701200000, 0x0000000800000000)
  region size 2048K, 6 young (12288K), 4 survivors (8192K)
 Metaspace       used 42798K, committed 43392K, reserved 1114112K
  class space    used 6288K, committed 6592K, reserved 1048576K
}
Event: 4.446 GC heap after
{Heap after GC invocations=14 (full 0):
 garbage-first heap   total 266240K, used 74908K [0x0000000701200000, 0x0000000800000000)
  region size 2048K, 1 young (2048K), 1 survivors (2048K)
 Metaspace       used 42798K, committed 43392K, reserved 1114112K
  class space    used 6288K, committed 6592K, reserved 1048576K
}
Event: 5.473 GC heap before
{Heap before GC invocations=14 (full 0):
 garbage-first heap   total 266240K, used 216220K [0x0000000701200000, 0x0000000800000000)
  region size 2048K, 64 young (131072K), 1 survivors (2048K)
 Metaspace       used 51705K, committed 52416K, reserved 1114112K
  class space    used 7535K, committed 7872K, reserved 1048576K
}
Event: 5.481 GC heap after
{Heap after GC invocations=15 (full 0):
 garbage-first heap   total 266240K, used 88571K [0x0000000701200000, 0x0000000800000000)
  region size 2048K, 8 young (16384K), 8 survivors (16384K)
 Metaspace       used 51705K, committed 52416K, reserved 1114112K
  class space    used 7535K, committed 7872K, reserved 1048576K
}
Event: 6.781 GC heap before
{Heap before GC invocations=16 (full 0):
 garbage-first heap   total 266240K, used 199163K [0x0000000701200000, 0x0000000800000000)
  region size 2048K, 63 young (129024K), 8 survivors (16384K)
 Metaspace       used 74933K, committed 75712K, reserved 1114112K
  class space    used 10604K, committed 11008K, reserved 1048576K
}
Event: 6.790 GC heap after
{Heap after GC invocations=17 (full 0):
 garbage-first heap   total 266240K, used 94257K [0x0000000701200000, 0x0000000800000000)
  region size 2048K, 3 young (6144K), 3 survivors (6144K)
 Metaspace       used 74933K, committed 75712K, reserved 1114112K
  class space    used 10604K, committed 11008K, reserved 1048576K
}
Event: 6.883 GC heap before
{Heap before GC invocations=17 (full 0):
 garbage-first heap   total 266240K, used 98353K [0x0000000701200000, 0x0000000800000000)
  region size 2048K, 6 young (12288K), 3 survivors (6144K)
 Metaspace       used 76845K, committed 77632K, reserved 1179648K
  class space    used 10955K, committed 11328K, reserved 1048576K
}
Event: 6.887 GC heap after
{Heap after GC invocations=18 (full 0):
 garbage-first heap   total 266240K, used 94755K [0x0000000701200000, 0x0000000800000000)
  region size 2048K, 1 young (2048K), 1 survivors (2048K)
 Metaspace       used 76845K, committed 77632K, reserved 1179648K
  class space    used 10955K, committed 11328K, reserved 1048576K
}
Event: 158.858 GC heap before
{Heap before GC invocations=18 (full 0):
 garbage-first heap   total 266240K, used 150051K [0x0000000701200000, 0x0000000800000000)
  region size 2048K, 30 young (61440K), 1 survivors (2048K)
 Metaspace       used 88685K, committed 89536K, reserved 1179648K
  class space    used 12515K, committed 12928K, reserved 1048576K
}
Event: 158.863 GC heap after
{Heap after GC invocations=19 (full 0):
 garbage-first heap   total 724992K, used 96556K [0x0000000701200000, 0x0000000800000000)
  region size 2048K, 2 young (4096K), 2 survivors (4096K)
 Metaspace       used 88685K, committed 89536K, reserved 1179648K
  class space    used 12515K, committed 12928K, reserved 1048576K
}
Event: 4246.867 GC heap before
{Heap before GC invocations=20 (full 0):
 garbage-first heap   total 342016K, used 309548K [0x0000000701200000, 0x0000000800000000)
  region size 2048K, 107 young (219136K), 2 survivors (4096K)
 Metaspace       used 110854K, committed 111872K, reserved 1179648K
  class space    used 15510K, committed 16000K, reserved 1048576K
}

